\BOOKMARK [1][-]{Title.1}{Title}{}% 1
\BOOKMARK [1][-]{toc1.1}{Contents}{}% 2
\BOOKMARK [1][-]{section.1}{1 Introduction}{}% 3
\BOOKMARK [1][-]{section.2}{2 Requirements}{}% 4
\BOOKMARK [1][-]{section.3}{3 Installation}{}% 5
\BOOKMARK [2][-]{subsection.3.1}{3.1 Placing the files}{section.3}% 6
\BOOKMARK [2][-]{subsection.3.2}{3.2 The rubikpatternsLIST file}{section.3}% 7
\BOOKMARK [2][-]{subsection.3.3}{3.3 Usage}{section.3}% 8
\BOOKMARK [1][-]{section.4}{4 Rubik patterns}{}% 9
\BOOKMARK [2][-]{subsection.4.1}{4.1 Sequence macros}{section.4}% 10
\BOOKMARK [2][-]{subsection.4.2}{4.2 List of macros}{section.4}% 11
\BOOKMARK [1][-]{section.5}{5 Change history}{}% 12
\BOOKMARK [1][-]{section.6}{6 References}{}% 13
\BOOKMARK [1][-]{section.7}{7 The code}{}% 14
\BOOKMARK [2][-]{subsection.7.1}{7.1 Package heading}{section.7}% 15
\BOOKMARK [2][-]{subsection.7.2}{7.2 Patterns}{section.7}% 16
\BOOKMARK [3][-]{subsubsection.7.2.1}{7.2.1 Superflip}{subsection.7.2}% 17
\BOOKMARK [3][-]{subsubsection.7.2.2}{7.2.2 Reid data}{subsection.7.2}% 18
\BOOKMARK [1][-]{index2.1}{Index}{}% 19
\BOOKMARK [2][-]{HD.A.2}{A}{index2.1}% 20
\BOOKMARK [2][-]{HD.B.2}{B}{index2.1}% 21
\BOOKMARK [2][-]{HD.C.2}{C}{index2.1}% 22
\BOOKMARK [2][-]{HD.D.2}{D}{index2.1}% 23
\BOOKMARK [2][-]{HD.E.2}{E}{index2.1}% 24
\BOOKMARK [2][-]{HD.F.2}{F}{index2.1}% 25
\BOOKMARK [2][-]{HD.G.2}{G}{index2.1}% 26
\BOOKMARK [2][-]{HD.M.2}{M}{index2.1}% 27
\BOOKMARK [2][-]{HD.N.2}{N}{index2.1}% 28
\BOOKMARK [2][-]{HD.O.2}{O}{index2.1}% 29
\BOOKMARK [2][-]{HD.P.2}{P}{index2.1}% 30
\BOOKMARK [2][-]{HD.R.2}{R}{index2.1}% 31
\BOOKMARK [2][-]{HD.S.2}{S}{index2.1}% 32
\BOOKMARK [2][-]{HD.T.2}{T}{index2.1}% 33
