\BOOKMARK [1][-]{Title.1}{Title}{}% 1
\BOOKMARK [1][-]{toc1.1}{Contents}{}% 2
\BOOKMARK [1][-]{section.1}{1 Introduction}{}% 3
\BOOKMARK [1][-]{section.2}{2 Requirements}{}% 4
\BOOKMARK [1][-]{section.3}{3 Installation}{}% 5
\BOOKMARK [2][-]{subsection.3.1}{3.1 Generating the files}{section.3}% 6
\BOOKMARK [2][-]{subsection.3.2}{3.2 Placing the files}{section.3}% 7
\BOOKMARK [1][-]{section.4}{4 Usage}{}% 8
\BOOKMARK [2][-]{subsection.4.1}{4.1 Enabling the TeX `shell' facility}{section.4}% 9
\BOOKMARK [2][-]{subsection.4.2}{4.2 Configuration-file}{section.4}% 10
\BOOKMARK [1][-]{section.5}{5 Commands}{}% 11
\BOOKMARK [2][-]{subsection.5.1}{5.1 RubikRotation}{section.5}% 12
\BOOKMARK [3][-]{subsubsection.5.1.1}{5.1.1 Examples}{subsection.5.1}% 13
\BOOKMARK [3][-]{subsubsection.5.1.2}{5.1.2 Sequence strings}{subsection.5.1}% 14
\BOOKMARK [3][-]{subsubsection.5.1.3}{5.1.3 Sequences as macros}{subsection.5.1}% 15
\BOOKMARK [3][-]{subsubsection.5.1.4}{5.1.4 Arguments in square brackets }{subsection.5.1}% 16
\BOOKMARK [3][-]{subsubsection.5.1.5}{5.1.5 Groups}{subsection.5.1}% 17
\BOOKMARK [3][-]{subsubsection.5.1.6}{5.1.6 Random rotations}{subsection.5.1}% 18
\BOOKMARK [2][-]{subsection.5.2}{5.2 SaveRubikState}{section.5}% 19
\BOOKMARK [2][-]{subsection.5.3}{5.3 CheckState}{section.5}% 20
\BOOKMARK [2][-]{subsection.5.4}{5.4 ShowErrors}{section.5}% 21
\BOOKMARK [1][-]{section.6}{6 Files generated}{}% 22
\BOOKMARK [1][-]{section.7}{7 General overview}{}% 23
\BOOKMARK [1][-]{section.8}{8 Change history}{}% 24
\BOOKMARK [1][-]{section.9}{9 References}{}% 25
\BOOKMARK [1][-]{section.10}{10 The code}{}% 26
\BOOKMARK [2][-]{subsection.10.1}{10.1 Package heading}{section.10}% 27
\BOOKMARK [2][-]{subsection.10.2}{10.2 Some useful commands}{section.10}% 28
\BOOKMARK [2][-]{subsection.10.3}{10.3 Configuration file}{section.10}% 29
\BOOKMARK [2][-]{subsection.10.4}{10.4 Clean file rubikstateNEW.dat}{section.10}% 30
\BOOKMARK [2][-]{subsection.10.5}{10.5 rubikstateERRORS.dat}{section.10}% 31
\BOOKMARK [2][-]{subsection.10.6}{10.6 Setting up file-access for new files}{section.10}% 32
\BOOKMARK [2][-]{subsection.10.7}{10.7 Saving the Rubik state}{section.10}% 33
\BOOKMARK [2][-]{subsection.10.8}{10.8 SaveRubikState command}{section.10}% 34
\BOOKMARK [2][-]{subsection.10.9}{10.9 RubikRotation command}{section.10}% 35
\BOOKMARK [2][-]{subsection.10.10}{10.10 ShowErrors command}{section.10}% 36
\BOOKMARK [2][-]{subsection.10.11}{10.11 CheckState command}{section.10}% 37
\BOOKMARK [1][-]{index2.1}{Index}{}% 38
\BOOKMARK [2][-]{HD.Symbols.2}{Symbols}{index2.1}% 39
\BOOKMARK [2][-]{HD.A.2}{A}{index2.1}% 40
\BOOKMARK [2][-]{HD.B.2}{B}{index2.1}% 41
\BOOKMARK [2][-]{HD.C.2}{C}{index2.1}% 42
\BOOKMARK [2][-]{HD.D.2}{D}{index2.1}% 43
\BOOKMARK [2][-]{HD.E.2}{E}{index2.1}% 44
\BOOKMARK [2][-]{HD.F.2}{F}{index2.1}% 45
\BOOKMARK [2][-]{HD.G.2}{G}{index2.1}% 46
\BOOKMARK [2][-]{HD.I.2}{I}{index2.1}% 47
\BOOKMARK [2][-]{HD.L.2}{L}{index2.1}% 48
\BOOKMARK [2][-]{HD.N.2}{N}{index2.1}% 49
\BOOKMARK [2][-]{HD.O.2}{O}{index2.1}% 50
\BOOKMARK [2][-]{HD.P.2}{P}{index2.1}% 51
\BOOKMARK [2][-]{HD.R.2}{R}{index2.1}% 52
\BOOKMARK [2][-]{HD.S.2}{S}{index2.1}% 53
\BOOKMARK [2][-]{HD.T.2}{T}{index2.1}% 54
\BOOKMARK [2][-]{HD.U.2}{U}{index2.1}% 55
\BOOKMARK [2][-]{HD.V.2}{V}{index2.1}% 56
\BOOKMARK [2][-]{HD.W.2}{W}{index2.1}% 57
