This is pdfTeX, Version 3.14159265-2.6-1.40.18 (TeX Live 2017/Debian) (preloaded format=pdflatex 2018.3.25)  26 MAR 2018 16:07
entering extended mode
 restricted \write18 enabled.
 %&-line parsing enabled.
**rubikrotation.dtx
(./rubikrotation.dtx
LaTeX2e <2017-04-15>
Babel <3.12> and hyphenation patterns for 84 language(s) loaded.
(/usr/share/texlive/texmf-dist/tex/latex/base/ltxdoc.cls
Document Class: ltxdoc 2017/03/13 v2.0v Standard LaTeX documentation class
(/usr/share/texlive/texmf-dist/tex/latex/base/article.cls
Document Class: article 2014/09/29 v1.4h Standard LaTeX document class
(/usr/share/texlive/texmf-dist/tex/latex/base/size10.clo
File: size10.clo 2014/09/29 v1.4h Standard LaTeX file (size option)
)
\c@part=\count79
\c@section=\count80
\c@subsection=\count81
\c@subsubsection=\count82
\c@paragraph=\count83
\c@subparagraph=\count84
\c@figure=\count85
\c@table=\count86
\abovecaptionskip=\skip41
\belowcaptionskip=\skip42
\bibindent=\dimen102
)
(/usr/share/texlive/texmf-dist/tex/latex/base/doc.sty
Package: doc 2016/02/15 v2.1g Standard LaTeX documentation package (FMi)
\c@StandardModuleDepth=\count87
\guard@level=\count88
\MacrocodeTopsep=\skip43
\MacroIndent=\dimen103
\macro@cnt=\count89
\MacroTopsep=\skip44
\index@excludelist=\toks14

(/usr/share/texlive/texmf-dist/tex/latex/tools/multicol.sty
Package: multicol 2017/04/11 v1.8q multicolumn formatting (FMi)
\c@tracingmulticols=\count90
\mult@box=\box26
\multicol@leftmargin=\dimen104
\c@unbalance=\count91
\c@collectmore=\count92
\doublecol@number=\count93
\multicoltolerance=\count94
\multicolpretolerance=\count95
\full@width=\dimen105
\page@free=\dimen106
\premulticols=\dimen107
\postmulticols=\dimen108
\multicolsep=\skip45
\multicolbaselineskip=\skip46
\partial@page=\box27
\last@line=\box28
\maxbalancingoverflow=\dimen109
\mult@rightbox=\box29
\mult@grightbox=\box30
\mult@gfirstbox=\box31
\mult@firstbox=\box32
\@tempa=\box33
\@tempa=\box34
\@tempa=\box35
\@tempa=\box36
\@tempa=\box37
\@tempa=\box38
\@tempa=\box39
\@tempa=\box40
\@tempa=\box41
\@tempa=\box42
\@tempa=\box43
\@tempa=\box44
\@tempa=\box45
\@tempa=\box46
\@tempa=\box47
\@tempa=\box48
\@tempa=\box49
\c@columnbadness=\count96
\c@finalcolumnbadness=\count97
\last@try=\dimen110
\multicolovershoot=\dimen111
\multicolundershoot=\dimen112
\mult@nat@firstbox=\box50
\colbreak@box=\box51
\mc@col@check@num=\count98
)
\IndexMin=\dimen113
\c@IndexColumns=\count99
\GlossaryMin=\dimen114
\c@GlossaryColumns=\count100
\check@sum=\count101
\bslash@cnt=\count102
\wrong@table=\toks15
\c@CodelineNo=\count103
))
(./rubikrotation.sty
Package: rubikrotation 2018/02/25 (v5.0)

---rubikrotation requires the rubikcube package.
---rubikrotation requires the fancyvrb packagefor VerbatimInput{} command.
(/usr/share/texlive/texmf-dist/tex/latex/fancyvrb/fancyvrb.sty
Package: fancyvrb 2008/02/07

Style option: `fancyvrb' v2.7a, with DG/SPQR fixes, and firstline=lastline fix 
<2008/02/07> (tvz) (/usr/share/texlive/texmf-dist/tex/latex/graphics/keyval.sty
Package: keyval 2014/10/28 v1.15 key=value parser (DPC)
\KV@toks@=\toks16
)
\FV@CodeLineNo=\count104
\FV@InFile=\read1
\FV@TabBox=\box52
\c@FancyVerbLine=\count105
\FV@StepNumber=\count106
\FV@OutFile=\write3
)
---rubikrotation requires the ifluatex package.
(/usr/share/texlive/texmf-dist/tex/generic/oberdiek/ifluatex.sty
Package: ifluatex 2016/05/16 v1.4 Provides the ifluatex switch (HO)
Package ifluatex Info: LuaTeX not detected.
)
---checking for config file (rubikrotation.cfg)...
---no config file available
---cleaning file rubikstateNEW.dat
\outfile=\write4
\openout4 = `rubikstateNEW.dat'.

---creating file rubikstateERRORS.dat
\outfile=\write5
\openout5 = `rubikstateERRORS.dat'.

---setting up newwrite for rubikrotation.sty to use...
\outfile=\write6
) (/usr/share/texlive/texmf-dist/tex/generic/oberdiek/ifpdf.sty
Package: ifpdf 2017/03/15 v3.2 Provides the ifpdf switch
)
(/usr/share/texlive/texmf-dist/tex/latex/url/url.sty
\Urlmuskip=\muskip10
Package: url 2013/09/16  ver 3.4  Verb mode for urls, etc.
)
(/usr/share/texlive/texmf-dist/tex/generic/path/path.sty
This is path.sty, Version 3.05 <7-Apr-2011>
\c@tcode=\count107
\c@unter=\count108
) (/usr/share/texlive/texmf-dist/tex/latex/graphics/graphicx.sty
Package: graphicx 2017/06/01 v1.1a Enhanced LaTeX Graphics (DPC,SPQR)

(/usr/share/texlive/texmf-dist/tex/latex/graphics/graphics.sty
Package: graphics 2017/06/25 v1.2c Standard LaTeX Graphics (DPC,SPQR)

(/usr/share/texlive/texmf-dist/tex/latex/graphics/trig.sty
Package: trig 2016/01/03 v1.10 sin cos tan (DPC)
)
(/usr/share/texlive/texmf-dist/tex/latex/graphics-cfg/graphics.cfg
File: graphics.cfg 2016/06/04 v1.11 sample graphics configuration
)
Package graphics Info: Driver file: pdftex.def on input line 99.

(/usr/share/texlive/texmf-dist/tex/latex/graphics-def/pdftex.def
File: pdftex.def 2017/06/24 v1.0g Graphics/color driver for pdftex
))
\Gin@req@height=\dimen115
\Gin@req@width=\dimen116
)
(/usr/share/texlive/texmf-dist/tex/latex/oberdiek/hypdoc.sty
Package: hypdoc 2016/10/02 v1.13 Hyper extensions for doc.sty (HO)

(/usr/share/texlive/texmf-dist/tex/latex/oberdiek/atveryend.sty
Package: atveryend 2016/05/16 v1.9 Hooks at the very end of document (HO)
Package atveryend Info: \enddocument detected (standard20110627).
)
(/usr/share/texlive/texmf-dist/tex/latex/hyperref/hyperref.sty
Package: hyperref 2017/03/14 v6.85a Hypertext links for LaTeX

(/usr/share/texlive/texmf-dist/tex/generic/oberdiek/hobsub-hyperref.sty
Package: hobsub-hyperref 2016/05/16 v1.14 Bundle oberdiek, subset hyperref (HO)


(/usr/share/texlive/texmf-dist/tex/generic/oberdiek/hobsub-generic.sty
Package: hobsub-generic 2016/05/16 v1.14 Bundle oberdiek, subset generic (HO)
Package: hobsub 2016/05/16 v1.14 Construct package bundles (HO)
Package: infwarerr 2016/05/16 v1.4 Providing info/warning/error messages (HO)
Package: ltxcmds 2016/05/16 v1.23 LaTeX kernel commands for general use (HO)
Package hobsub Info: Skipping package `ifluatex' (already loaded).
Package: ifvtex 2016/05/16 v1.6 Detect VTeX and its facilities (HO)
Package ifvtex Info: VTeX not detected.
Package: intcalc 2016/05/16 v1.2 Expandable calculations with integers (HO)
Package hobsub Info: Skipping package `ifpdf' (already loaded).
Package: etexcmds 2016/05/16 v1.6 Avoid name clashes with e-TeX commands (HO)
Package etexcmds Info: Could not find \expanded.
(etexcmds)             That can mean that you are not using pdfTeX 1.50 or
(etexcmds)             that some package has redefined \expanded.
(etexcmds)             In the latter case, load this package earlier.
Package: kvsetkeys 2016/05/16 v1.17 Key value parser (HO)
Package: kvdefinekeys 2016/05/16 v1.4 Define keys (HO)
Package: pdftexcmds 2017/03/19 v0.25 Utility functions of pdfTeX for LuaTeX (HO
)
Package pdftexcmds Info: LuaTeX not detected.
Package pdftexcmds Info: \pdf@primitive is available.
Package pdftexcmds Info: \pdf@ifprimitive is available.
Package pdftexcmds Info: \pdfdraftmode found.
Package: pdfescape 2016/05/16 v1.14 Implements pdfTeX's escape features (HO)
Package: bigintcalc 2016/05/16 v1.4 Expandable calculations on big integers (HO
)
Package: bitset 2016/05/16 v1.2 Handle bit-vector datatype (HO)
Package: uniquecounter 2016/05/16 v1.3 Provide unlimited unique counter (HO)
)
Package hobsub Info: Skipping package `hobsub' (already loaded).
Package: letltxmacro 2016/05/16 v1.5 Let assignment for LaTeX macros (HO)
Package: hopatch 2016/05/16 v1.3 Wrapper for package hooks (HO)
Package: xcolor-patch 2016/05/16 xcolor patch
Package hobsub Info: Skipping package `atveryend' (already loaded).
Package: atbegshi 2016/06/09 v1.18 At begin shipout hook (HO)
Package: refcount 2016/05/16 v3.5 Data extraction from label references (HO)
Package: hycolor 2016/05/16 v1.8 Color options for hyperref/bookmark (HO)
)
(/usr/share/texlive/texmf-dist/tex/generic/ifxetex/ifxetex.sty
Package: ifxetex 2010/09/12 v0.6 Provides ifxetex conditional
)
(/usr/share/texlive/texmf-dist/tex/latex/oberdiek/auxhook.sty
Package: auxhook 2016/05/16 v1.4 Hooks for auxiliary files (HO)
)
(/usr/share/texlive/texmf-dist/tex/latex/oberdiek/kvoptions.sty
Package: kvoptions 2016/05/16 v3.12 Key value format for package options (HO)
)
\@linkdim=\dimen117
\Hy@linkcounter=\count109
\Hy@pagecounter=\count110

(/usr/share/texlive/texmf-dist/tex/latex/hyperref/pd1enc.def
File: pd1enc.def 2017/03/14 v6.85a Hyperref: PDFDocEncoding definition (HO)
)
\Hy@SavedSpaceFactor=\count111

(/usr/share/texlive/texmf-dist/tex/latex/latexconfig/hyperref.cfg
File: hyperref.cfg 2002/06/06 v1.2 hyperref configuration of TeXLive
)
Package hyperref Info: Option `hyperindex' set `false' on input line 4374.
Package hyperref Info: Option `pdfusetitle' set `true' on input line 4374.
Package hyperref Info: Option `colorlinks' set `true' on input line 4374.
Package hyperref Info: Option `pdfpagelabels' set `true' on input line 4374.
Package hyperref Info: Hyper figures OFF on input line 4498.
Package hyperref Info: Link nesting OFF on input line 4503.
Package hyperref Info: Hyper index OFF on input line 4508.
Package hyperref Info: Plain pages OFF on input line 4513.
Package hyperref Info: Backreferencing OFF on input line 4518.
Package hyperref Info: Implicit mode ON; LaTeX internals redefined.
Package hyperref Info: Bookmarks ON on input line 4751.
\c@Hy@tempcnt=\count112
LaTeX Info: Redefining \url on input line 5104.
\XeTeXLinkMargin=\dimen118
\Fld@menulength=\count113
\Field@Width=\dimen119
\Fld@charsize=\dimen120
Package hyperref Info: Hyper figures OFF on input line 6358.
Package hyperref Info: Link nesting OFF on input line 6363.
Package hyperref Info: Hyper index OFF on input line 6368.
Package hyperref Info: backreferencing OFF on input line 6373.
Package hyperref Info: Link coloring ON on input line 6376.
Package hyperref Info: Link coloring with OCG OFF on input line 6383.
Package hyperref Info: PDF/A mode OFF on input line 6388.
LaTeX Info: Redefining \ref on input line 6428.
LaTeX Info: Redefining \pageref on input line 6432.
\Hy@abspage=\count114
\c@Item=\count115
\c@Hfootnote=\count116
)

Package hyperref Message: Driver (autodetected): hpdftex.

(/usr/share/texlive/texmf-dist/tex/latex/hyperref/hpdftex.def
File: hpdftex.def 2017/03/14 v6.85a Hyperref driver for pdfTeX
\Fld@listcount=\count117
\c@bookmark@seq@number=\count118

(/usr/share/texlive/texmf-dist/tex/latex/oberdiek/rerunfilecheck.sty
Package: rerunfilecheck 2016/05/16 v1.8 Rerun checks for auxiliary files (HO)
Package uniquecounter Info: New unique counter `rerunfilecheck' on input line 2
82.
)
\Hy@SectionHShift=\skip47
)
Package hyperref Info: Option `plainpages' set `false' on input line 60.
Package hyperref Info: Option `bookmarksopen' set `true' on input line 60.
Package hyperref Info: Option `bookmarksnumbered' set `true' on input line 60.

(/usr/share/texlive/texmf-dist/tex/generic/thumbpdf/thumbpdf.sty
Package: thumbpdf 2014/07/15 v3.16 Inclusion of thumbnails (HO)


Package thumbpdf Warning: Compressed PDF objects of PDF 1.5 are not supported.


Package thumbpdf Warning: Thumbnail data file `rubikrotation.tpt' not found.

)
\c@HD@unique=\count119
\c@HD@hypercount=\count120
\HD@helplength=\skip48
)
\@indexfile=\write7
\openout7 = `rubikrotation.idx'.


Writing index file rubikrotation.idx
\@glossaryfile=\write8
\openout8 = `rubikrotation.glo'.

Writing glossary file rubikrotation.glo 
(./rubikrotation.aux

LaTeX Warning: Label `sec:eijkhout' multiply defined.

)
\openout1 = `rubikrotation.aux'.

LaTeX Font Info:    Checking defaults for OML/cmm/m/it on input line 54.
LaTeX Font Info:    ... okay on input line 54.
LaTeX Font Info:    Checking defaults for T1/cmr/m/n on input line 54.
LaTeX Font Info:    ... okay on input line 54.
LaTeX Font Info:    Checking defaults for OT1/cmr/m/n on input line 54.
LaTeX Font Info:    ... okay on input line 54.
LaTeX Font Info:    Checking defaults for OMS/cmsy/m/n on input line 54.
LaTeX Font Info:    ... okay on input line 54.
LaTeX Font Info:    Checking defaults for OMX/cmex/m/n on input line 54.
LaTeX Font Info:    ... okay on input line 54.
LaTeX Font Info:    Checking defaults for U/cmr/m/n on input line 54.
LaTeX Font Info:    ... okay on input line 54.
LaTeX Font Info:    Checking defaults for PD1/pdf/m/n on input line 54.
LaTeX Font Info:    ... okay on input line 54.
Package doc Info: Made | a short reference for \verb on input line 54.
 (/usr/share/texlive/texmf-dist/tex/context/base/mkii/supp-pdf.mkii
[Loading MPS to PDF converter (version 2006.09.02).]
\scratchcounter=\count121
\scratchdimen=\dimen121
\scratchbox=\box53
\nofMPsegments=\count122
\nofMParguments=\count123
\everyMPshowfont=\toks17
\MPscratchCnt=\count124
\MPscratchDim=\dimen122
\MPnumerator=\count125
\makeMPintoPDFobject=\count126
\everyMPtoPDFconversion=\toks18
) (/usr/share/texlive/texmf-dist/tex/latex/oberdiek/epstopdf-base.sty
Package: epstopdf-base 2016/05/15 v2.6 Base part for package epstopdf

(/usr/share/texlive/texmf-dist/tex/latex/oberdiek/grfext.sty
Package: grfext 2016/05/16 v1.2 Manage graphics extensions (HO)
)
Package epstopdf-base Info: Redefining graphics rule for `.eps' on input line 4
38.
Package grfext Info: Graphics extension search list:
(grfext)             [.pdf,.png,.jpg,.mps,.jpeg,.jbig2,.jb2,.PDF,.PNG,.JPG,.JPE
G,.JBIG2,.JB2,.eps]
(grfext)             \AppendGraphicsExtensions on input line 456.

(/usr/share/texlive/texmf-dist/tex/latex/latexconfig/epstopdf-sys.cfg
File: epstopdf-sys.cfg 2010/07/13 v1.3 Configuration of (r)epstopdf for TeX Liv
e
))
\AtBeginShipoutBox=\box54

(/usr/share/texlive/texmf-dist/tex/latex/graphics/color.sty
Package: color 2016/07/10 v1.1e Standard LaTeX Color (DPC)

(/usr/share/texlive/texmf-dist/tex/latex/graphics-cfg/color.cfg
File: color.cfg 2016/01/02 v1.6 sample color configuration
)
Package color Info: Driver file: pdftex.def on input line 147.
)
Package hyperref Info: Link coloring ON on input line 54.

(/usr/share/texlive/texmf-dist/tex/latex/hyperref/nameref.sty
Package: nameref 2016/05/21 v2.44 Cross-referencing by name of section

(/usr/share/texlive/texmf-dist/tex/generic/oberdiek/gettitlestring.sty
Package: gettitlestring 2016/05/16 v1.5 Cleanup title references (HO)
)
\c@section@level=\count127
)
LaTeX Info: Redefining \ref on input line 54.
LaTeX Info: Redefining \pageref on input line 54.
LaTeX Info: Redefining \nameref on input line 54.

(./rubikrotation.out) (./rubikrotation.out)
\@outlinefile=\write9
\openout9 = `rubikrotation.out'.

 (./rubikrotation.hd)
\HD@savedest@out=\write10
\openout10 = `rubikrotation.hd'.


(./rubikrotation.dtx
***************************
* Character table correct *
***************************
LaTeX Font Info:    External font `cmex10' loaded for size
(Font)              <12> on input line 95.
LaTeX Font Info:    External font `cmex10' loaded for size
(Font)              <8> on input line 95.
LaTeX Font Info:    External font `cmex10' loaded for size
(Font)              <6> on input line 95.
<rubikrot-doc-figD.pdf, id=233, pagebox=cropbox, 327.2225pt x 90.3375pt>
File: rubikrot-doc-figD.pdf Graphic file (type pdf)
<use rubikrot-doc-figD.pdf>
Package pdftex.def Info: rubikrot-doc-figD.pdf  used on input line 111. on inpu
t line 111.
Package pdftex.def Info: Requested size: 284.52756pt x 78.55025pt on input line
 111.
LaTeX Font Info:    External font `cmex10' loaded for size
(Font)              <7> on input line 114.
LaTeX Font Info:    External font `cmex10' loaded for size
(Font)              <5> on input line 114.
(./rubikrotation.toc

Package hyperref Warning: Token not allowed in a PDF string (PDFDocEncoding):
(hyperref)                removing `\pdfbookmark' on input line 15.

[1

{/var/lib/texmf/fonts/map/pdftex/updmap/pdftex.map} <./rubikrot-doc-figD.pdf>])
\tf@toc=\write11
\openout11 = `rubikrotation.toc'.

 [2]
Overfull \hbox (37.2105pt too wide) in paragraph at lines 157--159
\OT1/cmr/m/n/10 Note that the \OT1/cmr/m/sc/10 ru-bik-t-wocube \OT1/cmr/m/n/10 
pack-age makes avail-able the (equiv-a-lent) []\OT1/cmtt/m/n/10 \TwoRotation[]{
}
 []


Overfull \hbox (0.74619pt too wide) in paragraph at lines 183--183
 [] \OT1/cmtt/m/n/9 rubikrotation.1       --manual file for rubikrotation.pl (`
man' file)[] 
 []

[3] [4] [5]

LaTeX Warning: Marginpar on page 6 moved.

[6]
LaTeX Font Info:    Font shape `OT1/cmtt/bx/n' in size <12> not available
(Font)              Font shape `OT1/cmtt/m/n' tried instead on input line 447.
 [7] [8]
LaTeX Font Info:    Font shape `OMS/cmtt/m/n' in size <10> not available
(Font)              Font shape `OMS/cmsy/m/n' tried instead on input line 550.
 [9]

LaTeX Warning: Marginpar on page 10 moved.


LaTeX Warning: Marginpar on page 10 moved.


LaTeX Warning: Marginpar on page 10 moved.

[10]
LaTeX Font Info:    Try loading font information for OMS+cmr on input line 670.

 (/usr/share/texlive/texmf-dist/tex/latex/base/omscmr.fd
File: omscmr.fd 2014/09/29 v2.5h Standard LaTeX font definitions
)
LaTeX Font Info:    Font shape `OMS/cmr/m/n' in size <10> not available
(Font)              Font shape `OMS/cmsy/m/n' tried instead on input line 670.
<rubikrot-doc-figA.pdf, id=371, pagebox=cropbox, 93.34875pt x 90.3375pt>
File: rubikrot-doc-figA.pdf Graphic file (type pdf)
<use rubikrot-doc-figA.pdf>
Package pdftex.def Info: rubikrot-doc-figA.pdf  used on input line 706. on inpu
t line 706.
Package pdftex.def Info: Requested size: 88.20363pt x 85.35826pt on input line 
706.

Overfull \hbox (0.5083pt too wide) in paragraph at lines 712--715
\OT1/cmr/m/n/10 both ro-ta-tion codes and macros; for ex-am-ple, []\OT1/cmtt/m/
n/10 \RubikRotation{x,y,\sixspot,x}\OT1/cmr/m/n/10 . 
 []

[11 <./rubikrot-doc-figA.pdf>]
Overfull \hbox (5.47113pt too wide) in paragraph at lines 772--772
 [] \OT1/cmtt/m/n/9 ...dataline = rotation,[SixSpot],U,Dp,R,Lp,F,Bp,U,Dp,<(8q*;
 8f*)>,x2,y[] 
 []

[12]
<rubikrot-doc-figC.pdf, id=383, pagebox=cropbox, 296.10625pt x 68.255pt>
File: rubikrot-doc-figC.pdf Graphic file (type pdf)
<use rubikrot-doc-figC.pdf>
Package pdftex.def Info: rubikrot-doc-figC.pdf  used on input line 804. on inpu
t line 804.
Package pdftex.def Info: Requested size: 284.52756pt x 65.58757pt on input line
 804.
<rubikrot-doc-figB.pdf, id=384, pagebox=cropbox, 155.58125pt x 110.4125pt>
File: rubikrot-doc-figB.pdf Graphic file (type pdf)
<use rubikrot-doc-figB.pdf>
Package pdftex.def Info: rubikrot-doc-figB.pdf  used on input line 837. on inpu
t line 837.
Package pdftex.def Info: Requested size: 160.37865pt x 113.81102pt on input lin
e 837.

Overfull \hbox (63.63947pt too wide) in paragraph at lines 837--840
 [][] 
 []


Overfull \hbox (18.28128pt too wide) in paragraph at lines 847--847
[] \OT1/cmtt/m/n/9 \ShowCube{5.5cm}{0.5}{\DrawRubikCubeSF}[] 
 []

[13 <./rubikrot-doc-figC.pdf> <./rubikrot-doc-figB.pdf>] [14]
Overfull \hbox (3.61093pt too wide) in paragraph at lines 929--932
\OT1/cmr/m/n/10 Note (1) that such a check is im-ple-mented au-to-mat-i-cally w
ith each \OT1/cmtt/m/n/10 \RubikRotation
 []

[15]
Overfull \hbox (7.08212pt too wide) in paragraph at lines 1031--1033
\OT1/cmr/m/n/10 Note that the \OT1/cmtt/m/n/10 \RubikRotation \OT1/cmr/m/n/10 o
p-tion \OT1/cmtt/m/n/10 [2] \OT1/cmr/m/n/10 re-sults in the string ``\OT1/cmtt/
m/n/10 rotation,U,D,L,R\OT1/cmr/m/n/10 ''
 []

[16] [17]
Overfull \hbox (4.58311pt too wide) in paragraph at lines 1162--1165
[]\OT1/cmr/m/n/10 --- If a comma sep-a-rated el-e-ment used as an ar-gu-ment fo
r the \OT1/cmtt/m/n/10 \RubikRotation
 []

[18]
Overfull \hbox (3.24791pt too wide) in paragraph at lines 1205--1210
\OT1/cmr/m/n/10 Available from: [][]$\OT1/cmtt/m/n/10 https : / / bitbucket . o
rg / VictorEijkhout / tex-[]by-[]topic/$[][]
 []

LaTeX Font Info:    Font shape `OT1/cmtt/bx/n' in size <14.4> not available
(Font)              Font shape `OT1/cmtt/m/n' tried instead on input line 1245.

LaTeX Font Info:    External font `cmex10' loaded for size
(Font)              <9> on input line 1263.
[19] [20] [21] [22]
Overfull \hbox (19.08281pt too wide) in paragraph at lines 1514--1520
[]\OT1/cmr/m/n/10 Note that this macro uses the in-ter-nal com-mands \OT1/cmtt/
m/n/10 \@comment \OT1/cmr/m/n/10 (`%%'), \OT1/cmtt/m/n/10 \@commentone
 []

[23]
Overfull \hbox (6.27606pt too wide) in paragraph at lines 1550--1556
[]\OT1/cmr/m/n/10 The \OT1/cmtt/m/n/10 \RubikRotation[$\OMS/cmsy/m/n/10 h$[]\OT
1/cmr/m/it/10 integer$\OMS/cmsy/m/n/10 i$[]\OT1/cmtt/m/n/10 ]{$\OMS/cmsy/m/n/10
 h$[]\OT1/cmr/m/it/10 comma separated sequence$\OMS/cmsy/m/n/10 i$[]\OT1/cmtt/m
/n/10 } \OT1/cmr/m/n/10 com-mand (a) writes
 []


Overfull \hbox (32.92351pt too wide) in paragraph at lines 1610--1610
 [][]   \OT1/cmtt/m/n/9 \typeout{---script = rubikrotation.sty v\RRfileversion\
space (\RRfiledate)}% 
 []

[24]
Overfull \hbox (12.2213pt too wide) in paragraph at lines 1656--1659
[]\OT1/cmr/m/n/10 Note also that the \OT1/cmtt/m/n/10 \CheckState \OT1/cmr/m/n/
10 com-mand re-places the ear-lier \OT1/cmtt/m/n/10 \CheckRubikState\OT1/cmr/m/
n/10 ,
 []

[25] (./rubikrotation.ind [26])
*******************
* Checksum passed *
*******************
) (./rubikrotation.gls)
Package atveryend Info: Empty hook `BeforeClearDocument' on input line 58.
 [27]
Package atveryend Info: Executing hook `AfterLastShipout' on input line 58.
 (./rubikrotation.aux)
Package atveryend Info: Executing hook `AtVeryEndDocument' on input line 58.


 *File List*
  ltxdoc.cls    2017/03/13 v2.0v Standard LaTeX documentation class
 article.cls    2014/09/29 v1.4h Standard LaTeX document class
  size10.clo    2014/09/29 v1.4h Standard LaTeX file (size option)
     doc.sty    2016/02/15 v2.1g Standard LaTeX documentation package (FMi)
multicol.sty    2017/04/11 v1.8q multicolumn formatting (FMi)
rubikrotation.sty    2018/02/25 (v5.0)
fancyvrb.sty    2008/02/07
  keyval.sty    2014/10/28 v1.15 key=value parser (DPC)
ifluatex.sty    2016/05/16 v1.4 Provides the ifluatex switch (HO)
   ifpdf.sty    2017/03/15 v3.2 Provides the ifpdf switch
     url.sty    2013/09/16  ver 3.4  Verb mode for urls, etc.
    path.sty    
graphicx.sty    2017/06/01 v1.1a Enhanced LaTeX Graphics (DPC,SPQR)
graphics.sty    2017/06/25 v1.2c Standard LaTeX Graphics (DPC,SPQR)
    trig.sty    2016/01/03 v1.10 sin cos tan (DPC)
graphics.cfg    2016/06/04 v1.11 sample graphics configuration
  pdftex.def    2017/06/24 v1.0g Graphics/color driver for pdftex
  hypdoc.sty    2016/10/02 v1.13 Hyper extensions for doc.sty (HO)
atveryend.sty    2016/05/16 v1.9 Hooks at the very end of document (HO)
hyperref.sty    2017/03/14 v6.85a Hypertext links for LaTeX
hobsub-hyperref.sty    2016/05/16 v1.14 Bundle oberdiek, subset hyperref (HO)
hobsub-generic.sty    2016/05/16 v1.14 Bundle oberdiek, subset generic (HO)
  hobsub.sty    2016/05/16 v1.14 Construct package bundles (HO)
infwarerr.sty    2016/05/16 v1.4 Providing info/warning/error messages (HO)
 ltxcmds.sty    2016/05/16 v1.23 LaTeX kernel commands for general use (HO)
  ifvtex.sty    2016/05/16 v1.6 Detect VTeX and its facilities (HO)
 intcalc.sty    2016/05/16 v1.2 Expandable calculations with integers (HO)
etexcmds.sty    2016/05/16 v1.6 Avoid name clashes with e-TeX commands (HO)
kvsetkeys.sty    2016/05/16 v1.17 Key value parser (HO)
kvdefinekeys.sty    2016/05/16 v1.4 Define keys (HO)
pdftexcmds.sty    2017/03/19 v0.25 Utility functions of pdfTeX for LuaTeX (HO)
pdfescape.sty    2016/05/16 v1.14 Implements pdfTeX's escape features (HO)
bigintcalc.sty    2016/05/16 v1.4 Expandable calculations on big integers (HO)
  bitset.sty    2016/05/16 v1.2 Handle bit-vector datatype (HO)
uniquecounter.sty    2016/05/16 v1.3 Provide unlimited unique counter (HO)
letltxmacro.sty    2016/05/16 v1.5 Let assignment for LaTeX macros (HO)
 hopatch.sty    2016/05/16 v1.3 Wrapper for package hooks (HO)
xcolor-patch.sty    2016/05/16 xcolor patch
atbegshi.sty    2016/06/09 v1.18 At begin shipout hook (HO)
refcount.sty    2016/05/16 v3.5 Data extraction from label references (HO)
 hycolor.sty    2016/05/16 v1.8 Color options for hyperref/bookmark (HO)
 ifxetex.sty    2010/09/12 v0.6 Provides ifxetex conditional
 auxhook.sty    2016/05/16 v1.4 Hooks for auxiliary files (HO)
kvoptions.sty    2016/05/16 v3.12 Key value format for package options (HO)
  pd1enc.def    2017/03/14 v6.85a Hyperref: PDFDocEncoding definition (HO)
hyperref.cfg    2002/06/06 v1.2 hyperref configuration of TeXLive
 hpdftex.def    2017/03/14 v6.85a Hyperref driver for pdfTeX
rerunfilecheck.sty    2016/05/16 v1.8 Rerun checks for auxiliary files (HO)
thumbpdf.sty    2014/07/15 v3.16 Inclusion of thumbnails (HO)
supp-pdf.mkii
epstopdf-base.sty    2016/05/15 v2.6 Base part for package epstopdf
  grfext.sty    2016/05/16 v1.2 Manage graphics extensions (HO)
epstopdf-sys.cfg    2010/07/13 v1.3 Configuration of (r)epstopdf for TeX Live
   color.sty    2016/07/10 v1.1e Standard LaTeX Color (DPC)
   color.cfg    2016/01/02 v1.6 sample color configuration
 nameref.sty    2016/05/21 v2.44 Cross-referencing by name of section
gettitlestring.sty    2016/05/16 v1.5 Cleanup title references (HO)
rubikrotation.out
rubikrotation.out
rubikrotation.hd
rubikrotation.dtx
rubikrot-doc-figD.pdf    Graphic file (type pdf)
  omscmr.fd    2014/09/29 v2.5h Standard LaTeX font definitions
rubikrot-doc-figA.pdf    Graphic file (type pdf)
rubikrot-doc-figC.pdf    Graphic file (type pdf)
rubikrot-doc-figB.pdf    Graphic file (type pdf)
rubikrotation.ind
rubikrotation.gls
 ***********

Package atveryend Info: Executing hook `AtEndAfterFileList' on input line 58.
Package rerunfilecheck Info: File `rubikrotation.out' has not changed.
(rerunfilecheck)             Checksum: F89F755E4376FC490F3B179790E721E6;3341.
Package rerunfilecheck Info: File `rubikrotation.hd' has not changed.
(rerunfilecheck)             Checksum: D4171BF68595C2777A865B4DDBEF16FE;1488.

LaTeX Warning: There were multiply-defined labels.

Package atveryend Info: Empty hook `AtVeryVeryEnd' on input line 58.
 )
(\end occurred inside a group at level 1)

### simple group (level 1) entered at line 410 ({)
### bottom level 
Here is how much of TeX's memory you used:
 6591 strings out of 492990
 94367 string characters out of 6135005
 227405 words of memory out of 5000000
 9825 multiletter control sequences out of 15000+600000
 13932 words of font info for 50 fonts, out of 8000000 for 9000
 1141 hyphenation exceptions out of 8191
 36i,8n,29p,278b,666s stack positions out of 5000i,500n,10000p,200000b,80000s
</usr/share/texlive/texmf-dist/fonts/type1/public/amsfonts/cm/c
mbx10.pfb></usr/share/texlive/texmf-dist/fonts/type1/public/amsfonts/cm/cmbx12.
pfb></usr/share/texlive/texmf-dist/fonts/type1/public/amsfonts/cm/cmbx9.pfb></u
sr/share/texlive/texmf-dist/fonts/type1/public/amsfonts/cm/cmcsc10.pfb></usr/sh
are/texlive/texmf-dist/fonts/type1/public/amsfonts/cm/cmex10.pfb></usr/share/te
xlive/texmf-dist/fonts/type1/public/amsfonts/cm/cmmi10.pfb></usr/share/texlive/
texmf-dist/fonts/type1/public/amsfonts/cm/cmmi8.pfb></usr/share/texlive/texmf-d
ist/fonts/type1/public/amsfonts/cm/cmmi9.pfb></usr/share/texlive/texmf-dist/fon
ts/type1/public/amsfonts/cm/cmr10.pfb></usr/share/texlive/texmf-dist/fonts/type
1/public/amsfonts/cm/cmr12.pfb></usr/share/texlive/texmf-dist/fonts/type1/publi
c/amsfonts/cm/cmr17.pfb></usr/share/texlive/texmf-dist/fonts/type1/public/amsfo
nts/cm/cmr6.pfb></usr/share/texlive/texmf-dist/fonts/type1/public/amsfonts/cm/c
mr7.pfb></usr/share/texlive/texmf-dist/fonts/type1/public/amsfonts/cm/cmr8.pfb>
</usr/share/texlive/texmf-dist/fonts/type1/public/amsfonts/cm/cmr9.pfb></usr/sh
are/texlive/texmf-dist/fonts/type1/public/amsfonts/cm/cmsl10.pfb></usr/share/te
xlive/texmf-dist/fonts/type1/public/amsfonts/cm/cmsltt10.pfb></usr/share/texliv
e/texmf-dist/fonts/type1/public/amsfonts/cm/cmss10.pfb></usr/share/texlive/texm
f-dist/fonts/type1/public/amsfonts/cm/cmss9.pfb></usr/share/texlive/texmf-dist/
fonts/type1/public/amsfonts/cm/cmsy10.pfb></usr/share/texlive/texmf-dist/fonts/
type1/public/amsfonts/cm/cmsy9.pfb></usr/share/texlive/texmf-dist/fonts/type1/p
ublic/amsfonts/cm/cmti10.pfb></usr/share/texlive/texmf-dist/fonts/type1/public/
amsfonts/cm/cmti7.pfb></usr/share/texlive/texmf-dist/fonts/type1/public/amsfont
s/cm/cmti9.pfb></usr/share/texlive/texmf-dist/fonts/type1/public/amsfonts/cm/cm
tt10.pfb></usr/share/texlive/texmf-dist/fonts/type1/public/amsfonts/cm/cmtt12.p
fb></usr/share/texlive/texmf-dist/fonts/type1/public/amsfonts/cm/cmtt8.pfb></us
r/share/texlive/texmf-dist/fonts/type1/public/amsfonts/cm/cmtt9.pfb></usr/share
/texmf/fonts/type1/public/cm-super/sfsx0800.pfb></usr/share/texmf/fonts/type1/p
ublic/cm-super/sfsx1000.pfb>
Output written on rubikrotation.pdf (27 pages, 447635 bytes).
PDF statistics:
 1125 PDF objects out of 1200 (max. 8388607)
 1051 compressed objects within 11 object streams
 235 named destinations out of 1000 (max. 500000)
 477 words of extra memory for PDF output out of 10000 (max. 10000000)

