This is pdfTeX, Version 3.14159265-2.6-1.40.18 (TeX Live 2017/Debian) (preloaded format=pdflatex 2018.3.25)  26 MAR 2018 15:56
entering extended mode
 restricted \write18 enabled.
 %&-line parsing enabled.
**rubikcube.ins
(./rubikcube.ins
LaTeX2e <2017-04-15>
Babel <3.12> and hyphenation patterns for 84 language(s) loaded.
(/usr/share/texlive/texmf-dist/tex/latex/base/docstrip.tex
\blockLevel=\count79
\emptyLines=\count80
\processedLines=\count81
\commentsRemoved=\count82
\commentsPassed=\count83
\codeLinesPassed=\count84
\TotalprocessedLines=\count85
\TotalcommentsRemoved=\count86
\TotalcommentsPassed=\count87
\TotalcodeLinesPassed=\count88
\NumberOfFiles=\count89
\inFile=\read1
\inputcheck=\read2
\off@0=\count90
\off@1=\count91
\off@2=\count92
\off@3=\count93
\off@4=\count94
\off@5=\count95
\off@6=\count96
\off@7=\count97
\off@8=\count98
\off@9=\count99
\off@10=\count100
\off@11=\count101
\off@12=\count102
\off@13=\count103
\off@14=\count104
\off@15=\count105
\@maxfiles=\count106
\@maxoutfiles=\count107

Utility: `docstrip' 2.5e <2014/09/29>
English documentation    <2017/03/13>

**********************************************************
* This program converts documented macro-files into fast *
* loadable files by stripping off (nearly) all comments! *
**********************************************************

********************************************************
* No Configuration file found, using default settings. *
********************************************************

(./rubikcube.ins

Generating file(s) ./rubikcube.sty 
\openout0 = `./rubikcube.sty'.


Processing file rubikcube.dtx (rubikcube) -> rubikcube.sty
File rubikcube.dtx ended by \endinput.
Lines  processed: 10528
Comments removed: 7720
Comments  passed: 194
Codelines passed: 2608

*******************************************************
*                                                     *
* To finish the installation you have to move the     *
* following file into a directory searched by TeX:    *
*                                                     *
*       rubikcube.sty                                 *
*                                                     *
* To produce the documentation run the file           *
* rubikcube.dtx through LaTeX.                        *
* For an index, process any filename.idx  file by     *
*      makeindex -s gind.ist filename                 *
* For list of changes, process any filename.glo file  *
* makeindex -s gglo.ist -o filename.gls filename.glo  *
*                                                     *
* Happy TeXing!                                       *
*******************************************************
 ) ) ) 
Here is how much of TeX's memory you used:
 315 strings out of 492990
 3214 string characters out of 6135005
 59609 words of memory out of 5000000
 3965 multiletter control sequences out of 15000+600000
 3640 words of font info for 14 fonts, out of 8000000 for 9000
 1141 hyphenation exceptions out of 8191
 15i,0n,15p,245b,123s stack positions out of 5000i,500n,10000p,200000b,80000s

No pages of output.
PDF statistics:
 0 PDF objects out of 1000 (max. 8388607)
 0 named destinations out of 1000 (max. 500000)
 1 words of extra memory for PDF output out of 10000 (max. 10000000)

